Created by PLY version 3.11 (http://www.dabeaz.com/ply)

Grammar

Rule 0     S' -> uncommented
Rule 1     uncommented -> ANYOTHER
Rule 2     uncommented -> ANYOTHER COMSTART uncommented COMEND uncommented

Terminals, with rules where they appear

ANYOTHER             : 1 2
COMEND               : 2
COMSTART             : 2
error                : 

Nonterminals, with rules where they appear

uncommented          : 2 2 0

Parsing method: LALR

state 0

    (0) S' -> . uncommented
    (1) uncommented -> . ANYOTHER
    (2) uncommented -> . ANYOTHER COMSTART uncommented COMEND uncommented

    ANYOTHER        shift and go to state 2

    uncommented                    shift and go to state 1

state 1

    (0) S' -> uncommented .



state 2

    (1) uncommented -> ANYOTHER .
    (2) uncommented -> ANYOTHER . COMSTART uncommented COMEND uncommented

    $end            reduce using rule 1 (uncommented -> ANYOTHER .)
    COMEND          reduce using rule 1 (uncommented -> ANYOTHER .)
    COMSTART        shift and go to state 3


state 3

    (2) uncommented -> ANYOTHER COMSTART . uncommented COMEND uncommented
    (1) uncommented -> . ANYOTHER
    (2) uncommented -> . ANYOTHER COMSTART uncommented COMEND uncommented

    ANYOTHER        shift and go to state 2

    uncommented                    shift and go to state 4

state 4

    (2) uncommented -> ANYOTHER COMSTART uncommented . COMEND uncommented

    COMEND          shift and go to state 5


state 5

    (2) uncommented -> ANYOTHER COMSTART uncommented COMEND . uncommented
    (1) uncommented -> . ANYOTHER
    (2) uncommented -> . ANYOTHER COMSTART uncommented COMEND uncommented

    ANYOTHER        shift and go to state 2

    uncommented                    shift and go to state 6

state 6

    (2) uncommented -> ANYOTHER COMSTART uncommented COMEND uncommented .

    $end            reduce using rule 2 (uncommented -> ANYOTHER COMSTART uncommented COMEND uncommented .)
    COMEND          reduce using rule 2 (uncommented -> ANYOTHER COMSTART uncommented COMEND uncommented .)

